[2026-05-29 14:03:58.397] INFO: SystemController inicializado correctamente.
[2026-05-29 14:03:58.397] INFO: Bucle de simulación iniciado.
[2026-05-29 14:03:58.397] INFO: Proceso creado: A-1
[2026-05-29 14:03:58.397] INFO: Proceso creado: A-2
[2026-05-29 14:03:58.498] INFO: Proceso creado: A-3
[2026-05-29 14:03:58.539] INFO: Proceso creado: A-4
[2026-05-29 14:03:58.559] INFO: Proceso creado: A-5
[2026-05-29 14:03:58.658] INFO: Proceso creado: A-6
[2026-05-29 14:03:58.884] INFO: Proceso creado: A-7
[2026-05-29 14:03:58.904] INFO: Proceso creado: A-8
[2026-05-29 14:03:58.925] INFO: Proceso creado: A-9
[2026-05-29 14:03:58.945] INFO: Proceso creado: A-10
[2026-05-29 14:03:58.965] INFO: Proceso creado: A-11
[2026-05-29 14:03:58.986] INFO: Proceso creado: A-12
[2026-05-29 14:03:59.027] INFO: Proceso creado: A-13
[2026-05-29 14:03:59.068] INFO: Proceso creado: A-14
[2026-05-29 14:03:59.108] INFO: Proceso creado: A-15
[2026-05-29 14:03:59.149] INFO: Proceso creado: A-16
[2026-05-29 14:03:59.189] INFO: Proceso creado: A-17
[2026-05-29 14:03:59.291] INFO: Proceso creado: A-18
[2026-05-29 14:03:59.392] INFO: Proceso creado: A-19
[2026-05-29 14:03:59.515] INFO: Proceso creado: A-20
[2026-05-29 14:03:59.535] INFO: Proceso creado: A-21
[2026-05-29 14:03:59.700] INFO: Proceso creado: A-22
[2026-05-29 14:03:59.741] INFO: Proceso creado: A-23
[2026-05-29 14:03:59.802] INFO: Proceso creado: A-24
[2026-05-29 14:03:59.822] INFO: Proceso creado: A-25
[2026-05-29 14:03:59.863] INFO: Proceso creado: A-26
[2026-05-29 14:03:59.883] INFO: Proceso creado: A-27
[2026-05-29 14:03:59.924] INFO: Proceso creado: A-28
[2026-05-29 14:03:59.946] INFO: Proceso creado: A-29
[2026-05-29 14:04:00.047] INFO: Proceso creado: A-30
[2026-05-29 14:04:00.109] INFO: Proceso creado: A-31
[2026-05-29 14:04:00.151] INFO: Proceso creado: A-32
[2026-05-29 14:04:00.191] INFO: Proceso creado: A-33
[2026-05-29 14:04:00.212] INFO: Proceso creado: A-34
[2026-05-29 14:04:00.293] INFO: Proceso creado: A-35
[2026-05-29 14:04:00.354] INFO: Proceso creado: A-36
[2026-05-29 14:04:00.415] INFO: Proceso creado: A-37
[2026-05-29 14:04:00.435] INFO: Proceso creado: A-38
[2026-05-29 14:04:00.455] INFO: Proceso creado: A-39
[2026-05-29 14:04:00.496] INFO: Proceso creado: A-40
[2026-05-29 14:04:00.516] INFO: Proceso creado: A-41
[2026-05-29 14:04:00.537] INFO: Proceso creado: A-42
[2026-05-29 14:04:00.557] INFO: Proceso creado: A-43
[2026-05-29 14:04:00.597] INFO: Proceso creado: A-44
[2026-05-29 14:04:00.679] INFO: Proceso creado: A-45
[2026-05-29 14:04:00.699] INFO: Proceso creado: A-46
[2026-05-29 14:04:00.720] INFO: Proceso creado: A-47
[2026-05-29 14:04:00.760] INFO: Proceso creado: A-48
[2026-05-29 14:04:00.801] INFO: Proceso creado: A-49
[2026-05-29 14:04:00.861] INFO: Proceso creado: A-50
[2026-05-29 14:04:00.903] INFO: Proceso creado: A-51
[2026-05-29 14:04:00.943] INFO: Proceso creado: A-52
[2026-05-29 14:04:01.004] INFO: Proceso creado: A-53
[2026-05-29 14:04:01.044] INFO: Proceso creado: A-54
[2026-05-29 14:04:01.085] INFO: Proceso creado: A-55
[2026-05-29 14:04:01.105] INFO: Proceso creado: A-56
[2026-05-29 14:04:01.227] INFO: Proceso creado: A-57
[2026-05-29 14:04:01.311] INFO: Proceso creado: A-58
[2026-05-29 14:04:01.352] INFO: Proceso creado: A-59
[2026-05-29 14:04:01.413] INFO: Proceso creado: A-60
[2026-05-29 14:04:01.434] INFO: Proceso creado: A-61
[2026-05-29 14:04:01.515] INFO: Proceso creado: A-62
[2026-05-29 14:04:01.721] INFO: Proceso creado: A-63
[2026-05-29 14:04:01.743] INFO: Proceso creado: A-64
[2026-05-29 14:04:01.766] INFO: Proceso creado: A-65
[2026-05-29 14:04:01.928] INFO: Proceso creado: A-66
[2026-05-29 14:04:01.951] INFO: Proceso creado: A-67
[2026-05-29 14:04:02.053] INFO: Proceso creado: A-68
[2026-05-29 14:04:02.158] INFO: Proceso creado: A-69
[2026-05-29 14:04:02.179] INFO: Proceso creado: A-70
[2026-05-29 14:04:02.261] INFO: Proceso creado: A-71
[2026-05-29 14:04:02.364] INFO: Proceso creado: A-72
[2026-05-29 14:04:02.405] INFO: Proceso creado: A-73
[2026-05-29 14:04:02.487] INFO: Proceso creado: A-74
[2026-05-29 14:04:02.612] INFO: Proceso creado: A-75
[2026-05-29 14:04:02.653] INFO: Proceso creado: A-76
[2026-05-29 14:04:02.687] INFO: Proceso creado: A-77
[2026-05-29 14:04:02.770] INFO: Proceso creado: A-78
[2026-05-29 14:04:02.812] INFO: Proceso creado: A-79
[2026-05-29 14:04:02.853] INFO: Proceso creado: A-80
[2026-05-29 14:04:02.873] INFO: Proceso creado: A-81
[2026-05-29 14:04:03.140] INFO: Proceso creado: A-82
[2026-05-29 14:04:03.202] INFO: Proceso creado: A-83
[2026-05-29 14:04:03.223] INFO: Proceso creado: A-84
[2026-05-29 14:04:03.244] INFO: Proceso creado: A-85
[2026-05-29 14:04:03.285] INFO: Proceso creado: A-86
[2026-05-29 14:04:03.388] INFO: Proceso creado: A-87
[2026-05-29 14:04:03.573] INFO: Proceso creado: A-88
[2026-05-29 14:04:03.615] INFO: Proceso creado: A-89
[2026-05-29 14:04:03.636] INFO: Proceso creado: A-90
[2026-05-29 14:04:03.657] INFO: Proceso creado: A-91
[2026-05-29 14:04:03.677] INFO: Proceso creado: A-92
[2026-05-29 14:04:03.698] INFO: Proceso creado: A-93
[2026-05-29 14:04:03.779] INFO: Proceso creado: A-94
[2026-05-29 14:04:03.801] INFO: Proceso creado: A-95
[2026-05-29 14:04:03.821] INFO: Proceso creado: A-96
[2026-05-29 14:04:03.965] INFO: Proceso creado: A-97
[2026-05-29 14:04:03.985] INFO: Proceso creado: A-98
[2026-05-29 14:04:04.027] INFO: Proceso creado: A-99
[2026-05-29 14:04:04.129] INFO: Proceso creado: A-100
[2026-05-29 14:04:04.191] INFO: Proceso creado: B-1
[2026-05-29 14:04:04.235] INFO: Proceso creado: B-2
[2026-05-29 14:04:04.338] INFO: Proceso creado: B-3
[2026-05-29 14:04:04.401] INFO: Proceso creado: B-4
[2026-05-29 14:04:04.463] INFO: Proceso creado: B-5
[2026-05-29 14:04:04.484] INFO: Proceso creado: B-6
[2026-05-29 14:04:04.504] INFO: Proceso creado: B-7
[2026-05-29 14:04:04.565] INFO: Proceso creado: B-8
[2026-05-29 14:04:04.771] INFO: Proceso creado: B-9
[2026-05-29 14:04:04.896] INFO: Proceso creado: B-10
[2026-05-29 14:04:05.019] INFO: Proceso creado: B-11
[2026-05-29 14:04:05.084] INFO: Proceso creado: B-12
[2026-05-29 14:04:05.145] INFO: Proceso creado: B-13
[2026-05-29 14:04:05.247] INFO: Proceso creado: B-14
[2026-05-29 14:04:05.269] INFO: Proceso creado: B-15
[2026-05-29 14:04:05.477] INFO: Proceso creado: B-16
[2026-05-29 14:04:05.498] INFO: Proceso creado: B-17
[2026-05-29 14:04:05.600] INFO: Proceso creado: B-18
[2026-05-29 14:04:05.933] INFO: Proceso creado: B-19
[2026-05-29 14:04:05.973] INFO: Proceso creado: B-20
[2026-05-29 14:04:06.159] INFO: Proceso creado: B-21
[2026-05-29 14:04:06.221] INFO: Proceso creado: B-22
[2026-05-29 14:04:06.241] INFO: Proceso creado: B-23
[2026-05-29 14:04:06.409] INFO: Proceso creado: B-24
[2026-05-29 14:04:06.429] INFO: Proceso creado: B-25
[2026-05-29 14:04:06.514] INFO: Proceso creado: B-26
[2026-05-29 14:04:06.678] INFO: Proceso creado: B-27
[2026-05-29 14:04:06.742] INFO: Proceso creado: B-28
[2026-05-29 14:04:06.947] INFO: Proceso creado: B-29
[2026-05-29 14:04:07.009] INFO: Proceso creado: B-30
[2026-05-29 14:04:07.029] INFO: Proceso creado: B-31
[2026-05-29 14:04:07.256] INFO: Proceso creado: B-32
[2026-05-29 14:04:07.338] INFO: Proceso creado: B-33
[2026-05-29 14:04:07.359] INFO: Proceso creado: B-34
[2026-05-29 14:04:07.379] INFO: Proceso creado: B-35
[2026-05-29 14:04:07.400] INFO: Proceso creado: B-36
[2026-05-29 14:04:07.523] INFO: Proceso creado: B-37
[2026-05-29 14:04:07.544] INFO: Proceso creado: B-38
[2026-05-29 14:04:07.565] INFO: Proceso creado: B-39
[2026-05-29 14:04:07.608] INFO: Proceso creado: B-40
[2026-05-29 14:04:07.649] INFO: Proceso terminado: B-8
[2026-05-29 14:04:07.690] INFO: Proceso creado: B-41
[2026-05-29 14:04:07.754] INFO: Proceso creado: B-42
[2026-05-29 14:04:07.796] INFO: Proceso creado: B-43
[2026-05-29 14:04:07.816] INFO: Proceso creado: B-44
[2026-05-29 14:04:07.839] INFO: Proceso creado: B-45
[2026-05-29 14:04:07.859] INFO: Proceso creado: B-46
[2026-05-29 14:04:07.900] INFO: Proceso creado: B-47
[2026-05-29 14:04:07.961] INFO: Proceso creado: B-48
[2026-05-29 14:04:08.002] INFO: Proceso creado: B-49
[2026-05-29 14:04:08.042] INFO: Proceso creado: B-50
[2026-05-29 14:04:08.083] INFO: Proceso creado: B-51
[2026-05-29 14:58:04.528] INFO: Comando 1: cambio manual a FCFS
[2026-05-29 14:58:08.479] INFO: Proceso terminado: A-95
[2026-05-29 14:58:08.500] INFO: Proceso creado: B-52
[2026-05-29 14:58:45.483] INFO: Comando 2: cambio manual a RR con quantum 2
[2026-05-29 14:59:15.430] INFO: Proceso terminado: A-98
[2026-05-29 14:59:15.451] INFO: Proceso creado: B-53
[2026-05-29 14:59:47.541] INFO: Proceso terminado: A-73
[2026-05-29 14:59:47.561] INFO: Proceso creado: B-54
[2026-05-29 15:25:48.856] INFO: SystemController inicializado correctamente.
[2026-05-29 15:25:48.856] INFO: Bucle de simulación iniciado.
[2026-05-29 15:25:48.856] INFO: Proceso creado: A-1
[2026-05-29 15:25:48.897] INFO: Proceso creado: A-2
[2026-05-29 15:25:48.998] INFO: Proceso creado: A-3
[2026-05-29 15:25:49.059] INFO: Proceso creado: A-4
[2026-05-29 15:25:49.079] INFO: Proceso creado: A-5
[2026-05-29 15:25:49.100] INFO: Proceso creado: A-6
[2026-05-29 15:25:49.201] INFO: Proceso creado: A-7
[2026-05-29 15:25:49.304] INFO: Proceso creado: A-8
[2026-05-29 15:25:49.507] INFO: Proceso creado: A-9
[2026-05-29 15:25:49.527] INFO: Proceso creado: A-10
[2026-05-29 15:25:49.547] INFO: Proceso creado: A-11
[2026-05-29 15:25:49.628] INFO: Proceso creado: A-12
[2026-05-29 15:25:49.710] INFO: Proceso creado: A-13
[2026-05-29 15:25:49.730] INFO: Proceso creado: A-14
[2026-05-29 15:25:49.790] INFO: Proceso creado: A-15
[2026-05-29 15:25:49.811] INFO: Proceso creado: A-16
[2026-05-29 15:25:49.831] INFO: Proceso creado: A-17
[2026-05-29 15:25:49.956] INFO: Proceso creado: A-18
[2026-05-29 15:25:50.038] INFO: Proceso creado: A-19
[2026-05-29 15:25:50.058] INFO: Proceso creado: A-20
[2026-05-29 15:25:50.100] INFO: Proceso creado: A-21
[2026-05-29 15:25:50.141] INFO: Proceso creado: A-22
[2026-05-29 15:25:50.182] INFO: Proceso creado: A-23
[2026-05-29 15:25:50.243] INFO: Proceso creado: A-24
[2026-05-29 15:25:50.264] INFO: Proceso creado: A-25
[2026-05-29 15:25:50.305] INFO: Proceso creado: A-26
[2026-05-29 15:25:50.367] INFO: Proceso creado: A-27
[2026-05-29 15:25:50.408] INFO: Proceso creado: A-28
[2026-05-29 15:25:50.429] INFO: Proceso creado: A-29
[2026-05-29 15:25:50.643] INFO: Proceso creado: A-30
[2026-05-29 15:25:50.705] INFO: Proceso creado: A-31
[2026-05-29 15:25:50.830] INFO: Proceso creado: A-32
[2026-05-29 15:25:50.851] INFO: Proceso creado: A-33
[2026-05-29 15:25:50.871] INFO: Proceso creado: A-34
[2026-05-29 15:25:50.892] INFO: Proceso creado: A-35
[2026-05-29 15:25:50.954] INFO: Proceso creado: A-36
[2026-05-29 15:25:50.974] INFO: Proceso creado: A-37
[2026-05-29 15:25:51.056] INFO: Proceso creado: A-38
[2026-05-29 15:25:51.117] INFO: Proceso creado: A-39
[2026-05-29 15:25:51.139] INFO: Proceso creado: A-40
[2026-05-29 15:25:51.160] INFO: Proceso creado: A-41
[2026-05-29 15:25:51.282] INFO: Proceso creado: A-42
[2026-05-29 15:25:51.323] INFO: Proceso creado: A-43
[2026-05-29 15:25:51.386] INFO: Proceso creado: A-44
[2026-05-29 15:25:51.409] INFO: Proceso creado: A-45
[2026-05-29 15:25:51.450] INFO: Proceso creado: A-46
[2026-05-29 15:25:51.675] INFO: Proceso creado: A-47
[2026-05-29 15:25:51.737] INFO: Proceso creado: A-48
[2026-05-29 15:25:51.820] INFO: Proceso creado: A-49
[2026-05-29 15:25:51.840] INFO: Proceso creado: A-50
[2026-05-29 15:25:51.964] INFO: Proceso creado: A-51
[2026-05-29 15:25:51.985] INFO: Proceso creado: A-52
[2026-05-29 15:25:52.046] INFO: Proceso creado: A-53
[2026-05-29 15:25:52.170] INFO: Proceso creado: A-54
[2026-05-29 15:25:52.191] INFO: Proceso creado: A-55
[2026-05-29 15:25:52.212] INFO: Proceso creado: A-56
[2026-05-29 15:25:52.376] INFO: Proceso creado: A-57
[2026-05-29 15:25:52.396] INFO: Proceso creado: A-58
[2026-05-29 15:25:52.417] INFO: Proceso creado: A-59
[2026-05-29 15:25:52.458] INFO: Proceso creado: A-60
[2026-05-29 15:25:52.625] INFO: Proceso creado: A-61
[2026-05-29 15:25:53.096] INFO: Proceso creado: A-62
[2026-05-29 15:25:53.342] INFO: Proceso creado: A-63
[2026-05-29 15:25:53.609] INFO: Proceso creado: A-64
[2026-05-29 15:25:53.914] INFO: Proceso creado: A-65
[2026-05-29 15:25:53.976] INFO: Proceso creado: A-66
[2026-05-29 15:25:54.017] INFO: Proceso creado: A-67
[2026-05-29 15:25:54.080] INFO: Proceso creado: A-68
[2026-05-29 15:25:54.100] INFO: Proceso creado: A-69
[2026-05-29 15:25:54.121] INFO: Proceso creado: A-70
[2026-05-29 15:25:54.202] INFO: Proceso creado: A-71
[2026-05-29 15:25:54.225] INFO: Proceso creado: A-72
[2026-05-29 15:25:54.326] INFO: Proceso creado: A-73
[2026-05-29 15:25:54.387] INFO: Proceso creado: A-74
[2026-05-29 15:25:54.408] INFO: Proceso creado: A-75
[2026-05-29 15:25:54.551] INFO: Proceso creado: A-76
[2026-05-29 15:25:54.571] INFO: Proceso creado: A-77
[2026-05-29 15:25:54.816] INFO: Proceso creado: A-78
[2026-05-29 15:25:54.837] INFO: Proceso creado: A-79
[2026-05-29 15:25:54.898] INFO: Proceso creado: A-80
[2026-05-29 15:25:54.919] INFO: Proceso creado: A-81
[2026-05-29 15:25:54.959] INFO: Proceso creado: A-82
[2026-05-29 15:25:55.020] INFO: Proceso creado: A-83
[2026-05-29 15:25:55.041] INFO: Proceso creado: A-84
[2026-05-29 15:25:55.143] INFO: Proceso creado: A-85
[2026-05-29 15:25:55.225] INFO: Proceso creado: A-86
[2026-05-29 15:25:55.266] INFO: Proceso creado: A-87
[2026-05-29 15:25:55.692] INFO: Proceso creado: A-88
[2026-05-29 15:25:55.713] INFO: Proceso creado: A-89
[2026-05-29 15:25:55.755] INFO: Proceso creado: A-90
[2026-05-29 15:25:55.816] INFO: Proceso creado: A-91
[2026-05-29 15:25:56.000] INFO: Proceso creado: A-92
[2026-05-29 15:25:56.021] INFO: Proceso creado: A-93
[2026-05-29 15:25:56.041] INFO: Proceso creado: A-94
[2026-05-29 15:25:56.062] INFO: Proceso creado: A-95
[2026-05-29 15:25:56.083] INFO: Proceso creado: A-96
[2026-05-29 15:25:56.144] INFO: Proceso creado: A-97
[2026-05-29 15:25:56.247] INFO: Proceso creado: A-98
[2026-05-29 15:25:56.267] INFO: Proceso creado: A-99
[2026-05-29 15:25:56.289] INFO: Proceso creado: A-100
[2026-05-29 15:25:56.331] INFO: Proceso creado: B-1
[2026-05-29 15:25:56.351] INFO: Proceso creado: B-2
[2026-05-29 15:25:56.371] INFO: Proceso creado: B-3
[2026-05-29 15:25:56.412] INFO: Proceso creado: B-4
[2026-05-29 15:25:56.473] INFO: Proceso creado: B-5
[2026-05-29 15:25:56.494] INFO: Proceso creado: B-6
[2026-05-29 15:25:56.535] INFO: Proceso creado: B-7
[2026-05-29 15:25:56.555] INFO: Proceso creado: B-8
[2026-05-29 15:25:56.702] INFO: Proceso creado: B-9
[2026-05-29 15:25:56.805] INFO: Proceso creado: B-10
[2026-05-29 15:25:56.846] INFO: Proceso creado: B-11
[2026-05-29 15:25:57.072] INFO: Proceso creado: B-12
[2026-05-29 15:25:57.178] INFO: Proceso creado: B-13
[2026-05-29 15:25:57.280] INFO: Proceso creado: B-14
[2026-05-29 15:25:57.300] INFO: Proceso creado: B-15
[2026-05-29 15:25:57.341] INFO: Proceso creado: B-16
[2026-05-29 15:25:57.382] INFO: Proceso creado: B-17
[2026-05-29 15:25:57.463] INFO: Proceso creado: B-18
[2026-05-29 15:25:57.608] INFO: Proceso creado: B-19
[2026-05-29 15:25:57.649] INFO: Proceso creado: B-20
[2026-05-29 15:25:57.750] INFO: Proceso creado: B-21
[2026-05-29 15:25:57.791] INFO: Proceso creado: B-22
[2026-05-29 15:25:57.811] INFO: Proceso creado: B-23
[2026-05-29 15:25:57.913] INFO: Proceso creado: B-24
[2026-05-29 15:25:57.998] INFO: Proceso creado: B-25
[2026-05-29 15:25:58.018] INFO: Proceso creado: B-26
[2026-05-29 15:25:58.059] INFO: Proceso creado: B-27
[2026-05-29 15:25:58.143] INFO: Proceso creado: B-28
[2026-05-29 15:25:58.205] INFO: Proceso creado: B-29
[2026-05-29 15:25:58.267] INFO: Proceso creado: B-30
[2026-05-29 15:25:58.308] INFO: Proceso creado: B-31
[2026-05-29 15:25:58.493] INFO: Proceso creado: B-32
[2026-05-29 15:25:58.679] INFO: Proceso creado: B-33
[2026-05-29 15:25:58.699] INFO: Proceso creado: B-34
[2026-05-29 15:25:58.720] INFO: Proceso creado: B-35
[2026-05-29 15:25:58.762] INFO: Proceso creado: B-36
[2026-05-29 15:25:58.863] INFO: Proceso creado: B-37
[2026-05-29 15:25:58.883] INFO: Proceso creado: B-38
[2026-05-29 15:25:58.948] INFO: Proceso creado: B-39
[2026-05-29 15:25:58.969] INFO: Proceso creado: B-40
[2026-05-29 15:25:58.989] INFO: Proceso creado: B-41
[2026-05-29 15:25:59.031] INFO: Proceso creado: B-42
[2026-05-29 15:25:59.054] INFO: Proceso creado: B-43
[2026-05-29 15:25:59.094] INFO: Proceso creado: B-44
[2026-05-29 15:25:59.115] INFO: Proceso creado: B-45
[2026-05-29 15:25:59.155] INFO: Proceso creado: B-46
[2026-05-29 15:25:59.176] INFO: Proceso creado: B-47
[2026-05-29 15:25:59.217] INFO: Proceso creado: B-48
[2026-05-29 15:25:59.259] INFO: Proceso creado: B-49
[2026-05-29 15:25:59.320] INFO: Proceso creado: B-50
[2026-05-29 15:26:32.686] INFO: SystemController inicializado correctamente.
[2026-05-29 15:26:32.686] INFO: Bucle de simulación iniciado.
[2026-05-29 15:26:32.769] INFO: Proceso creado: A-1
[2026-05-29 15:26:32.830] INFO: Proceso creado: A-2
[2026-05-29 15:26:32.892] INFO: Proceso creado: A-3
[2026-05-29 15:26:32.953] INFO: Proceso creado: A-4
[2026-05-29 15:26:32.994] INFO: Proceso creado: A-5
[2026-05-29 15:26:33.136] INFO: Proceso creado: A-6
[2026-05-29 15:26:33.177] INFO: Proceso creado: A-7
[2026-05-29 15:26:33.198] INFO: Proceso creado: A-8
[2026-05-29 15:26:33.238] INFO: Proceso creado: A-9
[2026-05-29 15:26:33.259] INFO: Proceso creado: A-10
[2026-05-29 15:26:33.280] INFO: Proceso creado: A-11
[2026-05-29 15:26:33.301] INFO: Proceso creado: A-12
[2026-05-29 15:26:33.444] INFO: Proceso creado: A-13
[2026-05-29 15:26:33.569] INFO: Proceso creado: A-14
[2026-05-29 15:26:33.691] INFO: Proceso creado: A-15
[2026-05-29 15:26:33.776] INFO: Proceso creado: A-16
[2026-05-29 15:26:33.881] INFO: Proceso creado: A-17
[2026-05-29 15:26:33.902] INFO: Proceso creado: A-18
[2026-05-29 15:26:34.025] INFO: Proceso creado: A-19
[2026-05-29 15:26:34.107] INFO: Proceso creado: A-20
[2026-05-29 15:26:34.170] INFO: Proceso creado: A-21
[2026-05-29 15:26:34.191] INFO: Proceso creado: A-22
[2026-05-29 15:26:34.356] INFO: Proceso creado: A-23
[2026-05-29 15:26:34.438] INFO: Proceso creado: A-24
[2026-05-29 15:26:34.479] INFO: Proceso creado: A-25
[2026-05-29 15:26:34.561] INFO: Proceso creado: A-26
[2026-05-29 15:26:34.582] INFO: Proceso creado: A-27
[2026-05-29 15:26:34.603] INFO: Proceso creado: A-28
[2026-05-29 15:26:34.644] INFO: Proceso creado: A-29
[2026-05-29 15:26:34.706] INFO: Proceso creado: A-30
[2026-05-29 15:26:34.911] INFO: Proceso creado: A-31
[2026-05-29 15:26:34.952] INFO: Proceso creado: A-32
[2026-05-29 15:26:35.034] INFO: Proceso creado: A-33
[2026-05-29 15:26:35.075] INFO: Proceso creado: A-34
[2026-05-29 15:26:35.095] INFO: Proceso creado: A-35
[2026-05-29 15:26:35.116] INFO: Proceso creado: A-36
[2026-05-29 15:26:35.136] INFO: Proceso creado: A-37
[2026-05-29 15:26:35.322] INFO: Proceso creado: A-38
[2026-05-29 15:26:35.343] INFO: Proceso creado: A-39
[2026-05-29 15:26:35.364] INFO: Proceso creado: A-40
[2026-05-29 15:26:35.610] INFO: Proceso creado: A-41
[2026-05-29 15:26:35.672] INFO: Proceso creado: A-42
[2026-05-29 15:26:35.776] INFO: Proceso creado: A-43
[2026-05-29 15:26:35.798] INFO: Proceso creado: A-44
[2026-05-29 15:26:35.831] INFO: Proceso creado: A-45
[2026-05-29 15:26:35.933] INFO: Proceso creado: A-46
[2026-05-29 15:26:35.953] INFO: Proceso creado: A-47
[2026-05-29 15:26:36.017] INFO: Proceso creado: A-48
[2026-05-29 15:26:36.159] INFO: Proceso creado: A-49
[2026-05-29 15:26:36.220] INFO: Proceso creado: A-50
[2026-05-29 15:26:36.240] INFO: Proceso creado: A-51
[2026-05-29 15:26:36.528] INFO: Proceso creado: A-52
[2026-05-29 15:26:36.548] INFO: Proceso creado: A-53
[2026-05-29 15:26:36.569] INFO: Proceso creado: A-54
[2026-05-29 15:26:36.611] INFO: Proceso creado: A-55
[2026-05-29 15:26:36.652] INFO: Proceso creado: A-56
[2026-05-29 15:26:36.859] INFO: Proceso creado: A-57
[2026-05-29 15:26:36.901] INFO: Proceso creado: A-58
[2026-05-29 15:26:36.962] INFO: Proceso creado: A-59
[2026-05-29 15:26:37.023] INFO: Proceso creado: A-60
[2026-05-29 15:26:37.044] INFO: Proceso creado: A-61
[2026-05-29 15:26:37.084] INFO: Proceso creado: A-62
[2026-05-29 15:26:37.166] INFO: Proceso creado: A-63
[2026-05-29 15:26:37.431] INFO: Proceso creado: A-64
[2026-05-29 15:26:37.513] INFO: Proceso creado: A-65
[2026-05-29 15:26:37.554] INFO: Proceso creado: A-66
[2026-05-29 15:26:37.615] INFO: Proceso creado: A-67
[2026-05-29 15:26:37.680] INFO: Proceso creado: A-68
[2026-05-29 15:26:37.721] INFO: Proceso creado: A-69
[2026-05-29 15:26:37.782] INFO: Proceso creado: A-70
[2026-05-29 15:26:37.926] INFO: Proceso creado: A-71
[2026-05-29 15:26:37.967] INFO: Proceso creado: A-72
[2026-05-29 15:26:37.987] INFO: Proceso creado: A-73
[2026-05-29 15:26:38.172] INFO: Proceso creado: A-74
[2026-05-29 15:26:38.234] INFO: Proceso creado: A-75
[2026-05-29 15:26:38.419] INFO: Proceso creado: A-76
[2026-05-29 15:26:38.440] INFO: Proceso creado: A-77
[2026-05-29 15:26:38.483] INFO: Proceso creado: A-78
[2026-05-29 15:26:38.503] INFO: Proceso creado: A-79
[2026-05-29 15:26:38.585] INFO: Proceso creado: A-80
[2026-05-29 15:26:38.605] INFO: Proceso creado: A-81
[2026-05-29 15:26:38.667] INFO: Proceso creado: A-82
[2026-05-29 15:26:38.729] INFO: Proceso creado: A-83
[2026-05-29 15:26:38.790] INFO: Proceso creado: A-84
[2026-05-29 15:26:38.933] INFO: Proceso creado: A-85
[2026-05-29 15:26:39.035] INFO: Proceso creado: A-86
[2026-05-29 15:26:39.056] INFO: Proceso creado: A-87
[2026-05-29 15:26:39.119] INFO: Proceso creado: A-88
[2026-05-29 15:26:39.180] INFO: Proceso creado: A-89
[2026-05-29 15:26:39.242] INFO: Proceso creado: A-90
[2026-05-29 15:26:39.346] INFO: Proceso creado: A-91
[2026-05-29 15:26:39.367] INFO: Proceso creado: A-92
[2026-05-29 15:26:39.552] INFO: Proceso creado: A-93
[2026-05-29 15:26:39.738] INFO: Proceso creado: A-94
[2026-05-29 15:26:39.881] INFO: Proceso creado: A-95
[2026-05-29 15:26:39.925] INFO: Proceso creado: A-96
[2026-05-29 15:26:39.945] INFO: Proceso creado: A-97
[2026-05-29 15:26:39.966] INFO: Proceso creado: A-98
[2026-05-29 15:26:40.027] INFO: Proceso creado: A-99
[2026-05-29 15:26:40.048] INFO: Proceso creado: A-100
[2026-05-29 15:26:40.069] INFO: Proceso creado: B-1
[2026-05-29 15:26:40.111] INFO: Proceso creado: B-2
[2026-05-29 15:26:40.276] INFO: Proceso creado: B-3
[2026-05-29 15:26:40.317] INFO: Proceso creado: B-4
[2026-05-29 15:26:40.338] INFO: Proceso creado: B-5
[2026-05-29 15:26:40.379] INFO: Proceso creado: B-6
[2026-05-29 15:26:40.421] INFO: Proceso creado: B-7
[2026-05-29 15:26:40.441] INFO: Proceso creado: B-8
[2026-05-29 15:26:40.482] INFO: Proceso creado: B-9
[2026-05-29 15:26:40.710] INFO: Proceso creado: B-10
[2026-05-29 15:26:40.731] INFO: Proceso creado: B-11
[2026-05-29 15:26:40.793] INFO: Proceso creado: B-12
[2026-05-29 15:26:40.813] INFO: Proceso creado: B-13
[2026-05-29 15:26:40.991] INFO: Proceso creado: B-14
[2026-05-29 15:26:41.013] INFO: Proceso creado: B-15
[2026-05-29 15:26:41.034] INFO: Proceso creado: B-16
[2026-05-29 15:26:41.096] INFO: Proceso creado: B-17
[2026-05-29 15:26:41.116] INFO: Proceso creado: B-18
[2026-05-29 15:26:41.157] INFO: Proceso creado: B-19
[2026-05-29 15:26:41.220] INFO: Proceso creado: B-20
[2026-05-29 15:26:41.302] INFO: Proceso creado: B-21
[2026-05-29 15:26:41.323] INFO: Proceso creado: B-22
[2026-05-29 15:26:41.364] INFO: Proceso creado: B-23
[2026-05-29 15:26:41.385] INFO: Proceso creado: B-24
[2026-05-29 15:26:41.408] INFO: Proceso creado: B-25
[2026-05-29 15:26:41.428] INFO: Proceso creado: B-26
[2026-05-29 15:26:41.469] INFO: Proceso creado: B-27
[2026-05-29 15:26:41.530] INFO: Proceso creado: B-28
[2026-05-29 15:26:41.551] INFO: Proceso creado: B-29
[2026-05-29 15:26:41.676] INFO: Proceso creado: B-30
[2026-05-29 15:26:41.718] INFO: Proceso creado: B-31
[2026-05-29 15:26:41.738] INFO: Proceso creado: B-32
[2026-05-29 15:26:41.843] INFO: Proceso creado: B-33
[2026-05-29 15:26:41.905] INFO: Proceso creado: B-34
[2026-05-29 15:26:41.987] INFO: Proceso creado: B-35
[2026-05-29 15:26:42.029] INFO: Proceso creado: B-36
[2026-05-29 15:26:42.111] INFO: Proceso creado: B-37
[2026-05-29 15:26:42.131] INFO: Proceso creado: B-38
[2026-05-29 15:26:42.172] INFO: Proceso creado: B-39
[2026-05-29 15:26:42.193] INFO: Proceso creado: B-40
[2026-05-29 15:26:42.216] INFO: Proceso creado: B-41
[2026-05-29 15:26:42.298] INFO: Proceso creado: B-42
[2026-05-29 15:26:42.380] INFO: Proceso creado: B-43
[2026-05-29 15:26:42.422] INFO: Proceso creado: B-44
[2026-05-29 15:26:42.444] INFO: Proceso creado: B-45
[2026-05-29 15:26:42.505] INFO: Proceso creado: B-46
[2026-05-29 15:26:42.526] INFO: Proceso creado: B-47
[2026-05-29 15:26:42.546] INFO: Proceso creado: B-48
[2026-05-29 15:26:42.567] INFO: Proceso creado: B-49
[2026-05-29 15:26:42.690] INFO: Proceso creado: B-50
[2026-05-29 15:37:45.998] INFO: SystemController inicializado correctamente.
[2026-05-29 15:58:47.285] INFO: SystemController inicializado correctamente.
[2026-05-29 15:58:56.077] INFO: Bucle de simulación iniciado.
[2026-05-29 15:58:56.177] INFO: Proceso creado: A-1
[2026-05-29 15:58:56.278] INFO: Proceso creado: A-2
[2026-05-29 15:58:56.480] INFO: Proceso creado: A-3
[2026-05-29 15:58:56.981] INFO: Proceso creado: A-4
[2026-05-29 15:58:57.484] INFO: Proceso creado: A-5
[2026-05-29 15:58:58.387] INFO: Proceso creado: A-6
[2026-05-29 15:58:58.789] INFO: Proceso creado: A-7
[2026-05-29 15:58:58.889] INFO: Proceso creado: A-8
[2026-05-29 15:58:58.990] INFO: Proceso creado: A-9
[2026-05-29 15:58:59.091] INFO: Proceso creado: A-10
[2026-05-29 15:58:59.492] INFO: Proceso creado: A-11
[2026-05-29 15:59:00.797] INFO: Proceso creado: A-12
[2026-05-29 15:59:00.897] INFO: Proceso creado: A-13
[2026-05-29 15:59:01.600] INFO: Proceso creado: A-14
[2026-05-29 15:59:02.002] INFO: Proceso creado: A-15
[2026-05-29 15:59:17.155] INFO: SystemController inicializado correctamente.
